<?xml version="1.0" encoding="UTF-8"?>
<testsuite xmlns:xsi="http://www.w3.org/2001/XMLSchema-instance" xsi:noNamespaceSchemaLocation="https://maven.apache.org/surefire/maven-surefire-plugin/xsd/surefire-test-report.xsd" name="com.mkyong.examples.MainTestClass" time="8.96" tests="2" errors="0" skipped="0" failures="0">
  <properties>
[...]
</properties>
  <testcase name="negativeScenario" classname="com.mkyong.examples.MainTestClass" time="6.202"/>
  <testcase name="positiveScenario" classname="com.mkyong.examples.MainTestClass" time="2.752"/>
</testsuite>